<?xml version="1.0" encoding="UTF-8"?>
<!-- Generated by org.testng.reporters.JUnitXMLReporter -->
<testsuite ignored="0" hostname="Rupalis-MacBook-Pro.local" failures="0" tests="22" name="Pet Store API Test Search Results" time="24.827" errors="0" timestamp="2023-02-22T18:42:21 GMT-08:00">
  <testcase classname="com.pvai.qa.test.PetStoreTest" name="findPetByStatus" time="4.561"/>
  <testcase classname="com.pvai.qa.test.PetStoreTest" name="findPetByStatus" time="0.648"/>
  <testcase classname="com.pvai.qa.test.PetStoreTest" name="findPetByStatus" time="0.612"/>
  <testcase classname="com.pvai.qa.test.PetStoreTest" name="addNewPetToStorePositiveTest" time="0.746"/>
  <testcase classname="com.pvai.qa.test.PetStoreTest" name="addNewPetToStoreWithStringAsIdNegativeTest" time="0.583"/>
  <testcase classname="com.pvai.qa.test.PetStoreTest" name="addNewPetToStoreWithLongNameAndLongStatusPositiveTest" time="0.519"/>
  <testcase classname="com.pvai.qa.test.PetStoreTest" name="addNewPetToStoreWithLongCategoryIdServerError" time="0.697"/>
  <testcase classname="com.pvai.qa.test.PetStoreTest" name="findPetByIdPositiveTest" time="0.561"/>
  <testcase classname="com.pvai.qa.test.PetStoreTest" name="findPetByIdWithAlphaNumericIdNegativeTest" time="0.59"/>
  <testcase classname="com.pvai.qa.test.PetStoreTest" name="findPetByIdWIthInvalidIdNegativeTest" time="1.118"/>
  <testcase classname="com.pvai.qa.test.PetStoreTest" name="updatePetWithFormData" time="3.871"/>
  <testcase classname="com.pvai.qa.test.PetStoreTest" name="updatePetWithFormDataWithUnknownId" time="2.859"/>
  <testcase classname="com.pvai.qa.test.PetStoreTest" name="updatePetWithFormDataWithLongId" time="1.691"/>
  <testcase classname="com.pvai.qa.test.PetStoreTest" name="deletePetById" time="0.534"/>
  <testcase classname="com.pvai.qa.test.PetStoreTest" name="deletePetByIdNegativeTest" time="0.487"/>
  <testcase classname="com.pvai.qa.test.PetStoreTest" name="uploadImagePositiveTest" time="1.059"/>
  <testcase classname="com.pvai.qa.test.PetStoreTest" name="uploadImageNegativeTestInvalidId" time="0.887"/>
  <testcase classname="com.pvai.qa.test.PetStoreTest" name="uploadImageNegativeTestNoId" time="0.613"/>
  <testcase classname="com.pvai.qa.test.PetStoreTest" name="uploadImageNegativeTestNoFileNoMetadata" time="0.552"/>
  <testcase classname="com.pvai.qa.test.PetStoreTest" name="uploadImageNegativeTestNoFile" time="0.492"/>
  <testcase classname="com.pvai.qa.test.PetStoreTest" name="updateExistingPet" time="0.502"/>
  <testcase classname="com.pvai.qa.test.PetStoreTest" name="updateExistingPetUnknownIdNegativeTest" time="0.506"/>
</testsuite> <!-- Pet Store API Test Search Results -->
