<?xml version="1.0" encoding="UTF-8"?>
<!-- Generated by org.testng.reporters.JUnitXMLReporter -->
<testsuite ignored="0" hostname="Rupalis-MacBook-Pro.local" failures="0" tests="22" name="Search Results" time="16.784" errors="0" timestamp="2023-02-22T18:27:14 GMT-08:00">
  <testcase classname="com.pvai.qa.test.PetStoreTest" name="findPetByStatus" time="4.336"/>
  <testcase classname="com.pvai.qa.test.PetStoreTest" name="findPetByStatus" time="0.591"/>
  <testcase classname="com.pvai.qa.test.PetStoreTest" name="findPetByStatus" time="0.547"/>
  <testcase classname="com.pvai.qa.test.PetStoreTest" name="addNewPetToStorePositiveTest" time="0.684"/>
  <testcase classname="com.pvai.qa.test.PetStoreTest" name="addNewPetToStoreWithStringAsIdNegativeTest" time="0.545"/>
  <testcase classname="com.pvai.qa.test.PetStoreTest" name="addNewPetToStoreWithLongNameAndLongStatusPositiveTest" time="0.485"/>
  <testcase classname="com.pvai.qa.test.PetStoreTest" name="addNewPetToStoreWithLongCategoryIdServerError" time="0.535"/>
  <testcase classname="com.pvai.qa.test.PetStoreTest" name="findPetByIdPositiveTest" time="0.55"/>
  <testcase classname="com.pvai.qa.test.PetStoreTest" name="findPetByIdWithAlphaNumericIdNegativeTest" time="0.603"/>
  <testcase classname="com.pvai.qa.test.PetStoreTest" name="findPetByIdWIthInvalidIdNegativeTest" time="0.727"/>
  <testcase classname="com.pvai.qa.test.PetStoreTest" name="updatePetWithFormData" time="0.611"/>
  <testcase classname="com.pvai.qa.test.PetStoreTest" name="updatePetWithFormDataWithUnknownId" time="0.539"/>
  <testcase classname="com.pvai.qa.test.PetStoreTest" name="updatePetWithFormDataWithLongId" time="0.552"/>
  <testcase classname="com.pvai.qa.test.PetStoreTest" name="deletePetById" time="0.531"/>
  <testcase classname="com.pvai.qa.test.PetStoreTest" name="deletePetByIdNegativeTest" time="0.469"/>
  <testcase classname="com.pvai.qa.test.PetStoreTest" name="uploadImagePositiveTest" time="0.981"/>
  <testcase classname="com.pvai.qa.test.PetStoreTest" name="uploadImageNegativeTestInvalidId" time="0.793"/>
  <testcase classname="com.pvai.qa.test.PetStoreTest" name="uploadImageNegativeTestNoId" time="0.608"/>
  <testcase classname="com.pvai.qa.test.PetStoreTest" name="uploadImageNegativeTestNoFileNoMetadata" time="0.5"/>
  <testcase classname="com.pvai.qa.test.PetStoreTest" name="uploadImageNegativeTestNoFile" time="0.457"/>
  <testcase classname="com.pvai.qa.test.PetStoreTest" name="updateExistingPet" time="0.516"/>
  <testcase classname="com.pvai.qa.test.PetStoreTest" name="updateExistingPetUnknownIdNegativeTest" time="0.498"/>
</testsuite> <!-- Search Results -->
