<?xml version="1.0" encoding="UTF-8"?>
<!-- Generated by org.testng.reporters.JUnitXMLReporter -->
<testsuite ignored="4" hostname="Rupalis-MacBook-Pro.local" failures="0" tests="1" name="Default test" time="3.907" errors="0" timestamp="2023-02-20T11:44:25 GMT-08:00">
  <testcase classname="com.pvai.qa.test.PetStoreTest" name="findPetByIdPositiveTest" time="3.845"/>
  <testcase classname="com.pvai.qa.test.PetStoreTest" name="findPetByIdNegativeTest" time="0.0">
    <ignored/>
  </testcase> <!-- findPetByIdNegativeTest -->
  <testcase classname="com.pvai.qa.test.PetStoreTest" name="test1" time="0.0">
    <ignored/>
  </testcase> <!-- test1 -->
  <testcase classname="com.pvai.qa.test.PetStoreTest" name="addNewPetToStore" time="0.0">
    <ignored/>
  </testcase> <!-- addNewPetToStore -->
  <testcase classname="com.pvai.qa.test.PetStoreTest" name="getFindByStatus" time="0.0">
    <ignored/>
  </testcase> <!-- getFindByStatus -->
</testsuite> <!-- Default test -->
