<?xml version="1.0" encoding="UTF-8"?>
<!-- Generated by org.testng.reporters.JUnitXMLReporter -->
<testsuite ignored="2" hostname="Rupalis-MacBook-Pro.local" failures="0" tests="1" name="Default test" time="4.243" errors="0" timestamp="2023-02-19T22:33:03 GMT-08:00">
  <testcase classname="com.pvai.qa.test.PetStoreTest" name="findPetByIdPositiveTest" time="4.189"/>
  <testcase classname="com.pvai.qa.test.PetStoreTest" name="findPetByIdNegativeTest" time="0.0">
    <ignored/>
  </testcase> <!-- findPetByIdNegativeTest -->
  <testcase classname="com.pvai.qa.test.PetStoreTest" name="getFindByStatus" time="0.0">
    <ignored/>
  </testcase> <!-- getFindByStatus -->
</testsuite> <!-- Default test -->
