<?xml version="1.0" encoding="UTF-8"?>
<testsuite name="TestSuite" time="24.715" tests="22" errors="0" skipped="0" failures="0">
  <properties>
[...]
</properties>
  <testcase name="findPetByStatus" classname="com.pvai.qa.test.PetStoreTest" time="4.574"/>
  <testcase name="findPetByStatus" classname="com.pvai.qa.test.PetStoreTest" time="0.647"/>
  <testcase name="findPetByStatus" classname="com.pvai.qa.test.PetStoreTest" time="0.614"/>
  <testcase name="addNewPetToStorePositiveTest" classname="com.pvai.qa.test.PetStoreTest" time="0.746"/>
  <testcase name="addNewPetToStoreWithStringAsIdNegativeTest" classname="com.pvai.qa.test.PetStoreTest" time="0.583"/>
  <testcase name="addNewPetToStoreWithLongNameAndLongStatusPositiveTest" classname="com.pvai.qa.test.PetStoreTest" time="0.518"/>
  <testcase name="addNewPetToStoreWithLongCategoryIdServerError" classname="com.pvai.qa.test.PetStoreTest" time="0.7"/>
  <testcase name="findPetByIdPositiveTest" classname="com.pvai.qa.test.PetStoreTest" time="0.559"/>
  <testcase name="findPetByIdWithAlphaNumericIdNegativeTest" classname="com.pvai.qa.test.PetStoreTest" time="0.595"/>
  <testcase name="findPetByIdWIthInvalidIdNegativeTest" classname="com.pvai.qa.test.PetStoreTest" time="1.134"/>
  <testcase name="updatePetWithFormData" classname="com.pvai.qa.test.PetStoreTest" time="3.857"/>
  <testcase name="updatePetWithFormDataWithUnknownId" classname="com.pvai.qa.test.PetStoreTest" time="2.86"/>
  <testcase name="updatePetWithFormDataWithLongId" classname="com.pvai.qa.test.PetStoreTest" time="1.691"/>
  <testcase name="deletePetById" classname="com.pvai.qa.test.PetStoreTest" time="0.533"/>
  <testcase name="deletePetByIdNegativeTest" classname="com.pvai.qa.test.PetStoreTest" time="0.488"/>
  <testcase name="uploadImagePositiveTest" classname="com.pvai.qa.test.PetStoreTest" time="1.058"/>
  <testcase name="uploadImageNegativeTestInvalidId" classname="com.pvai.qa.test.PetStoreTest" time="0.888"/>
  <testcase name="uploadImageNegativeTestNoId" classname="com.pvai.qa.test.PetStoreTest" time="0.612"/>
  <testcase name="uploadImageNegativeTestNoFileNoMetadata" classname="com.pvai.qa.test.PetStoreTest" time="0.552"/>
  <testcase name="uploadImageNegativeTestNoFile" classname="com.pvai.qa.test.PetStoreTest" time="0.497"/>
  <testcase name="updateExistingPet" classname="com.pvai.qa.test.PetStoreTest" time="0.503"/>
  <testcase name="updateExistingPetUnknownIdNegativeTest" classname="com.pvai.qa.test.PetStoreTest" time="0.506"/>
</testsuite>