<?xml version="1.0" encoding="UTF-8"?>
<testng-results ignored="4" total="5" passed="1" failed="0" skipped="0">
  <reporter-output>
  </reporter-output>
  <suite started-at="2023-02-20T11:44:22 GMT-08:00" name="Default suite" finished-at="2023-02-20T11:44:25 GMT-08:00" duration-ms="3907">
    <groups>
    </groups>
    <test started-at="2023-02-20T11:44:22 GMT-08:00" name="Default test" finished-at="2023-02-20T11:44:25 GMT-08:00" duration-ms="3907">
      <class name="com.pvai.qa.test.PetStoreTest">
        <test-method signature="findPetByIdPositiveTest()[pri:0, instance:com.pvai.qa.test.PetStoreTest@fa49800]" started-at="2023-02-20T11:44:22 GMT-08:00" name="findPetByIdPositiveTest" finished-at="2023-02-20T11:44:25 GMT-08:00" duration-ms="3845" status="PASS">
          <reporter-output>
          </reporter-output>
        </test-method> <!-- findPetByIdPositiveTest -->
      </class> <!-- com.pvai.qa.test.PetStoreTest -->
    </test> <!-- Default test -->
  </suite> <!-- Default suite -->
</testng-results>
