<?xml version="1.0" encoding="UTF-8"?>
<testng-results ignored="2" total="3" passed="1" failed="0" skipped="0">
  <reporter-output>
  </reporter-output>
  <suite started-at="2023-02-19T22:32:59 GMT-08:00" name="Default suite" finished-at="2023-02-19T22:33:03 GMT-08:00" duration-ms="4243">
    <groups>
    </groups>
    <test started-at="2023-02-19T22:32:59 GMT-08:00" name="Default test" finished-at="2023-02-19T22:33:03 GMT-08:00" duration-ms="4243">
      <class name="com.pvai.qa.test.PetStoreTest">
        <test-method signature="findPetByIdPositiveTest()[pri:0, instance:com.pvai.qa.test.PetStoreTest@fa49800]" started-at="2023-02-19T22:32:59 GMT-08:00" name="findPetByIdPositiveTest" finished-at="2023-02-19T22:33:03 GMT-08:00" duration-ms="4189" status="PASS">
          <reporter-output>
          </reporter-output>
        </test-method> <!-- findPetByIdPositiveTest -->
      </class> <!-- com.pvai.qa.test.PetStoreTest -->
    </test> <!-- Default test -->
  </suite> <!-- Default suite -->
</testng-results>
